0 info it worked if it ends with ok
1 verbose cli [ '/usr/local/Cellar/node/5.10.0/bin/node',
1 verbose cli   '/usr/local/bin/npm',
1 verbose cli   'run',
1 verbose cli   'test' ]
2 info using npm@3.8.3
3 info using node@v5.10.0
4 verbose run-script [ 'pretest', 'test', 'posttest' ]
5 info lifecycle aurelia-skeleton-navigation-webpack@1.0.0-beta.1.2.1~pretest: aurelia-skeleton-navigation-webpack@1.0.0-beta.1.2.1
6 silly lifecycle aurelia-skeleton-navigation-webpack@1.0.0-beta.1.2.1~pretest: no script for pretest, continuing
7 info lifecycle aurelia-skeleton-navigation-webpack@1.0.0-beta.1.2.1~test: aurelia-skeleton-navigation-webpack@1.0.0-beta.1.2.1
8 verbose lifecycle aurelia-skeleton-navigation-webpack@1.0.0-beta.1.2.1~test: unsafe-perm in lifecycle true
9 verbose lifecycle aurelia-skeleton-navigation-webpack@1.0.0-beta.1.2.1~test: PATH: /usr/local/lib/node_modules/npm/bin/node-gyp-bin:/Users/ejsmith/skeleton-navigation-typescript/node_modules/.bin:/usr/local/Cellar/node/5.10.0/bin:/Users/ejsmith/.dnx/runtimes/dnx-coreclr-darwin-x64.1.0.0-rc1-update1/bin:/Users/ejsmith/.dnx/bin:/usr/local/bin:/usr/local/sbin:/usr/bin:/bin:/usr/sbin:/sbin:/usr/local/share/dotnet/bin:/usr/local/share/dotnet:/usr/local/go/bin:/Users/ejsmith/Go/bin
10 verbose lifecycle aurelia-skeleton-navigation-webpack@1.0.0-beta.1.2.1~test: CWD: /Users/ejsmith/skeleton-navigation-typescript
11 silly lifecycle aurelia-skeleton-navigation-webpack@1.0.0-beta.1.2.1~test: Args: [ '-c', 'karma start' ]
12 silly lifecycle aurelia-skeleton-navigation-webpack@1.0.0-beta.1.2.1~test: Returned: code: 1  signal: null
13 info lifecycle aurelia-skeleton-navigation-webpack@1.0.0-beta.1.2.1~test: Failed to exec test script
14 verbose stack Error: aurelia-skeleton-navigation-webpack@1.0.0-beta.1.2.1 test: `karma start`
14 verbose stack Exit status 1
14 verbose stack     at EventEmitter.<anonymous> (/usr/local/lib/node_modules/npm/lib/utils/lifecycle.js:239:16)
14 verbose stack     at emitTwo (events.js:100:13)
14 verbose stack     at EventEmitter.emit (events.js:185:7)
14 verbose stack     at ChildProcess.<anonymous> (/usr/local/lib/node_modules/npm/lib/utils/spawn.js:24:14)
14 verbose stack     at emitTwo (events.js:100:13)
14 verbose stack     at ChildProcess.emit (events.js:185:7)
14 verbose stack     at maybeClose (internal/child_process.js:850:16)
14 verbose stack     at Process.ChildProcess._handle.onexit (internal/child_process.js:215:5)
15 verbose pkgid aurelia-skeleton-navigation-webpack@1.0.0-beta.1.2.1
16 verbose cwd /Users/ejsmith/skeleton-navigation-typescript
17 error Darwin 15.4.0
18 error argv "/usr/local/Cellar/node/5.10.0/bin/node" "/usr/local/bin/npm" "run" "test"
19 error node v5.10.0
20 error npm  v3.8.3
21 error code ELIFECYCLE
22 error aurelia-skeleton-navigation-webpack@1.0.0-beta.1.2.1 test: `karma start`
22 error Exit status 1
23 error Failed at the aurelia-skeleton-navigation-webpack@1.0.0-beta.1.2.1 test script 'karma start'.
23 error Make sure you have the latest version of node.js and npm installed.
23 error If you do, this is most likely a problem with the aurelia-skeleton-navigation-webpack package,
23 error not with npm itself.
23 error Tell the author that this fails on your system:
23 error     karma start
23 error You can get information on how to open an issue for this project with:
23 error     npm bugs aurelia-skeleton-navigation-webpack
23 error Or if that isn't available, you can get their info via:
23 error     npm owner ls aurelia-skeleton-navigation-webpack
23 error There is likely additional logging output above.
24 verbose exit [ 1, true ]
